<?xml version="1.0" encoding="UTF-8"?>
<!-- Generated by org.testng.reporters.JUnitReportReporter -->
<testsuite hostname="KVRR" name="com.org.flipkart.filpkart.Flipkat" tests="1" failures="0" timestamp="6 Jun 2018 01:22:56 GMT" time="355.201" errors="0">
  <testcase name="launch" time="355.201" classname="com.org.flipkart.filpkart.Flipkat"/>
</testsuite> <!-- com.org.flipkart.filpkart.Flipkat -->
