<?xml version="1.0" encoding="UTF-8"?>
<!-- Generated by org.testng.reporters.JUnitReportReporter -->
<testsuite hostname="KVRR" name="com.org.flipkart.filpkart.LoginTest" tests="1" failures="0" timestamp="26 Jun 2018 16:04:08 GMT" time="2.370" errors="0">
  <testcase name="loginTest" time="2.370" classname="com.org.flipkart.filpkart.LoginTest"/>
</testsuite> <!-- com.org.flipkart.filpkart.LoginTest -->
